Argentina  
Chile  
Argentina  
Chile  
Argentina  
Portugal  
Chile  
Argentina  
Portugal  
Espanha  
O número de elementos são 4.
Chile  
Argentina  
Portugal  
Espanha  
<models.Node.Node object at 0x000002023816C190>
Chile  
Argentina  
Portugal  
Espanha  
Franca  
<models.Node.Node object at 0x000002023816C190>
Chile  
Argentina  
Portugal  
Italia  
Espanha  
Franca  
China  
Chile  
Argentina  
Portugal  
Italia  
Espanha  
Franca  
China  
Japao  
Chile  
Argentina  
Portugal  
Italia  
Espanha  
Franca  
China  
Japao  
Angola  
Chile  
Argentina  
Portugal  
Italia  
Espanha  
Franca  
O número de elementos são 9.
China  
Japao  
Angola  
Chile  
Argentina  
Portugal  
Italia  
Espanha  
Franca  
item found
O país Portugal encontra-se na lista.
China  
Japao  
Angola  
Chile  
Argentina  
Portugal  
Italia  
Espanha  
Franca  
item not found
O país Alemanha não se encontra na lista.
China  
Japao  
Angola  
Chile  
Argentina  
Portugal  
Italia  
Espanha  
Franca  
O país China foi eliminado da lista
Japao  
Angola  
Chile  
Argentina  
Portugal  
Italia  
Espanha  
Franca  
O número de elementos são 8.
Japao  
Angola  
Chile  
Argentina  
Portugal  
Italia  
Espanha  
Franca  
O país Franca foi eliminado da lista.
Japao  
Angola  
Chile  
Argentina  
Portugal  
Italia  
Espanha  
O número de elementos são 7.
Japao  
Angola  
Chile  
Argentina  
Portugal  
Italia  
Espanha  
item found
O país Chile foi eliminado da lista.
Japao  
Angola  
Argentina  
Portugal  
Italia  
Espanha  
O número de elementos são 6.
Japao  
Angola  
Argentina  
Portugal  
Italia  
Espanha  
